<?xml version="1.0" encoding="UTF-8"?>
<testng-results skipped="0" failed="2" ignored="0" total="17" passed="15">
  <reporter-output>
  </reporter-output>
  <suite name="Surefire suite" duration-ms="244197" started-at="2022-09-21T02:32:55 EET" finished-at="2022-09-21T02:37:00 EET">
    <groups>
      <group name="cucumber">
        <method signature="AbstractTestNGCucumberTests.runScenario(io.cucumber.testng.PickleWrapper,io.cucumber.testng.FeatureWrapper)[pri:0, instance:org.example.testRunner.Runners@44c8afef]" name="runScenario" class="io.cucumber.testng.AbstractTestNGCucumberTests"/>
      </group> <!-- cucumber -->
    </groups>
    <test name="Surefire test" duration-ms="244197" started-at="2022-09-21T02:32:55 EET" finished-at="2022-09-21T02:37:00 EET">
      <class name="org.example.testRunner.Runners">
        <test-method status="PASS" signature="setUpClass(org.testng.ITestContext)[pri:0, instance:org.example.testRunner.Runners@44c8afef]" name="setUpClass" is-config="true" duration-ms="680" started-at="2022-09-21T02:32:55 EET" finished-at="2022-09-21T02:32:56 EET">
          <params>
            <param index="0">
              <value>
                <![CDATA[org.testng.TestRunner@447521e]]>
              </value>
            </param>
          </params>
          <reporter-output>
          </reporter-output>
        </test-method> <!-- setUpClass -->
        <test-method status="PASS" signature="runScenario(io.cucumber.testng.PickleWrapper,io.cucumber.testng.FeatureWrapper)[pri:0, instance:org.example.testRunner.Runners@44c8afef]" name="runScenario" duration-ms="23072" started-at="2022-09-21T02:32:56 EET" description="Runs Cucumber Scenarios" data-provider="scenarios" finished-at="2022-09-21T02:33:19 EET">
          <params>
            <param index="0">
              <value>
                <![CDATA["guest user could register with valid data successfully"]]>
              </value>
            </param>
            <param index="1">
              <value>
                <![CDATA["F01_Register | users could register with new accounts"]]>
              </value>
            </param>
          </params>
          <reporter-output>
          </reporter-output>
        </test-method> <!-- runScenario -->
        <test-method status="PASS" signature="runScenario(io.cucumber.testng.PickleWrapper,io.cucumber.testng.FeatureWrapper)[pri:0, instance:org.example.testRunner.Runners@44c8afef]" name="runScenario" duration-ms="15619" started-at="2022-09-21T02:33:19 EET" description="Runs Cucumber Scenarios" data-provider="scenarios" finished-at="2022-09-21T02:33:35 EET">
          <params>
            <param index="0">
              <value>
                <![CDATA["user could login with valid email and password"]]>
              </value>
            </param>
            <param index="1">
              <value>
                <![CDATA["F02_Login | users could use login functionality to use their accounts"]]>
              </value>
            </param>
          </params>
          <reporter-output>
          </reporter-output>
        </test-method> <!-- runScenario -->
        <test-method status="PASS" signature="runScenario(io.cucumber.testng.PickleWrapper,io.cucumber.testng.FeatureWrapper)[pri:0, instance:org.example.testRunner.Runners@44c8afef]" name="runScenario" duration-ms="15224" started-at="2022-09-21T02:33:35 EET" description="Runs Cucumber Scenarios" data-provider="scenarios" finished-at="2022-09-21T02:33:50 EET">
          <params>
            <param index="0">
              <value>
                <![CDATA["user couldn't login with Invalid email and password"]]>
              </value>
            </param>
            <param index="1">
              <value>
                <![CDATA["F02_Login | users could use login functionality to use their accounts"]]>
              </value>
            </param>
          </params>
          <reporter-output>
          </reporter-output>
        </test-method> <!-- runScenario -->
        <test-method status="PASS" signature="runScenario(io.cucumber.testng.PickleWrapper,io.cucumber.testng.FeatureWrapper)[pri:0, instance:org.example.testRunner.Runners@44c8afef]" name="runScenario" duration-ms="11805" started-at="2022-09-21T02:33:50 EET" description="Runs Cucumber Scenarios" data-provider="scenarios" finished-at="2022-09-21T02:34:02 EET">
          <params>
            <param index="0">
              <value>
                <![CDATA["user could select euro currency"]]>
              </value>
            </param>
            <param index="1">
              <value>
                <![CDATA["user could switch between currencies"]]>
              </value>
            </param>
          </params>
          <reporter-output>
          </reporter-output>
        </test-method> <!-- runScenario -->
        <test-method status="PASS" signature="runScenario(io.cucumber.testng.PickleWrapper,io.cucumber.testng.FeatureWrapper)[pri:0, instance:org.example.testRunner.Runners@44c8afef]" name="runScenario" duration-ms="18898" started-at="2022-09-21T02:34:02 EET" description="Runs Cucumber Scenarios" data-provider="scenarios" finished-at="2022-09-21T02:34:21 EET">
          <params>
            <param index="0">
              <value>
                <![CDATA["user could search for product using product name"]]>
              </value>
            </param>
            <param index="1">
              <value>
                <![CDATA["F04 users search for products with different parameters"]]>
              </value>
            </param>
          </params>
          <reporter-output>
          </reporter-output>
        </test-method> <!-- runScenario -->
        <test-method status="PASS" signature="runScenario(io.cucumber.testng.PickleWrapper,io.cucumber.testng.FeatureWrapper)[pri:0, instance:org.example.testRunner.Runners@44c8afef]" name="runScenario" duration-ms="10747" started-at="2022-09-21T02:34:21 EET" description="Runs Cucumber Scenarios" data-provider="scenarios" finished-at="2022-09-21T02:34:32 EET">
          <params>
            <param index="0">
              <value>
                <![CDATA["user could search for product using product name"]]>
              </value>
            </param>
            <param index="1">
              <value>
                <![CDATA["F04 users search for products with different parameters"]]>
              </value>
            </param>
          </params>
          <reporter-output>
          </reporter-output>
        </test-method> <!-- runScenario -->
        <test-method status="PASS" signature="runScenario(io.cucumber.testng.PickleWrapper,io.cucumber.testng.FeatureWrapper)[pri:0, instance:org.example.testRunner.Runners@44c8afef]" name="runScenario" duration-ms="20017" started-at="2022-09-21T02:34:32 EET" description="Runs Cucumber Scenarios" data-provider="scenarios" finished-at="2022-09-21T02:34:52 EET">
          <params>
            <param index="0">
              <value>
                <![CDATA["user could search for product using product name"]]>
              </value>
            </param>
            <param index="1">
              <value>
                <![CDATA["F04 users search for products with different parameters"]]>
              </value>
            </param>
          </params>
          <reporter-output>
          </reporter-output>
        </test-method> <!-- runScenario -->
        <test-method status="PASS" signature="runScenario(io.cucumber.testng.PickleWrapper,io.cucumber.testng.FeatureWrapper)[pri:0, instance:org.example.testRunner.Runners@44c8afef]" name="runScenario" duration-ms="12309" started-at="2022-09-21T02:34:52 EET" description="Runs Cucumber Scenarios" data-provider="scenarios" finished-at="2022-09-21T02:35:04 EET">
          <params>
            <param index="0">
              <value>
                <![CDATA["user could search for product using sku"]]>
              </value>
            </param>
            <param index="1">
              <value>
                <![CDATA["F04 users search for products with different parameters"]]>
              </value>
            </param>
          </params>
          <reporter-output>
          </reporter-output>
        </test-method> <!-- runScenario -->
        <test-method status="PASS" signature="runScenario(io.cucumber.testng.PickleWrapper,io.cucumber.testng.FeatureWrapper)[pri:0, instance:org.example.testRunner.Runners@44c8afef]" name="runScenario" duration-ms="12827" started-at="2022-09-21T02:35:04 EET" description="Runs Cucumber Scenarios" data-provider="scenarios" finished-at="2022-09-21T02:35:17 EET">
          <params>
            <param index="0">
              <value>
                <![CDATA["user could search for product using sku"]]>
              </value>
            </param>
            <param index="1">
              <value>
                <![CDATA["F04 users search for products with different parameters"]]>
              </value>
            </param>
          </params>
          <reporter-output>
          </reporter-output>
        </test-method> <!-- runScenario -->
        <test-method status="PASS" signature="runScenario(io.cucumber.testng.PickleWrapper,io.cucumber.testng.FeatureWrapper)[pri:0, instance:org.example.testRunner.Runners@44c8afef]" name="runScenario" duration-ms="12546" started-at="2022-09-21T02:35:17 EET" description="Runs Cucumber Scenarios" data-provider="scenarios" finished-at="2022-09-21T02:35:29 EET">
          <params>
            <param index="0">
              <value>
                <![CDATA["user could search for product using sku"]]>
              </value>
            </param>
            <param index="1">
              <value>
                <![CDATA["F04 users search for products with different parameters"]]>
              </value>
            </param>
          </params>
          <reporter-output>
          </reporter-output>
        </test-method> <!-- runScenario -->
        <test-method status="PASS" signature="runScenario(io.cucumber.testng.PickleWrapper,io.cucumber.testng.FeatureWrapper)[pri:0, instance:org.example.testRunner.Runners@44c8afef]" name="runScenario" duration-ms="11454" started-at="2022-09-21T02:35:29 EET" description="Runs Cucumber Scenarios" data-provider="scenarios" finished-at="2022-09-21T02:35:41 EET">
          <params>
            <param index="0">
              <value>
                <![CDATA["user can hover and select from different category"]]>
              </value>
            </param>
            <param index="1">
              <value>
                <![CDATA["user can hover and select from different categories"]]>
              </value>
            </param>
          </params>
          <reporter-output>
          </reporter-output>
        </test-method> <!-- runScenario -->
        <test-method status="FAIL" signature="runScenario(io.cucumber.testng.PickleWrapper,io.cucumber.testng.FeatureWrapper)[pri:0, instance:org.example.testRunner.Runners@44c8afef]" name="runScenario" duration-ms="11983" started-at="2022-09-21T02:35:41 EET" description="Runs Cucumber Scenarios" data-provider="scenarios" finished-at="2022-09-21T02:35:53 EET">
          <params>
            <param index="0">
              <value>
                <![CDATA["verify that guest user could click in slider wrapper"]]>
              </value>
            </param>
            <param index="1">
              <value>
                <![CDATA["user check the correctness of the two sliders"]]>
              </value>
            </param>
          </params>
          <exception class="java.lang.AssertionError">
            <message>
              <![CDATA[The following asserts failed:
Nokia expected [https://demo.nopcommerce.com/nokia-lumia-1020] but found [https://demo.nopcommerce.com/]]]>
            </message>
            <full-stacktrace>
              <![CDATA[java.lang.AssertionError: The following asserts failed:
Nokia expected [https://demo.nopcommerce.com/nokia-lumia-1020] but found [https://demo.nopcommerce.com/]
at org.testng.asserts.SoftAssert.assertAll(SoftAssert.java:46)
at org.testng.asserts.SoftAssert.assertAll(SoftAssert.java:30)
at org.example.stepDefs.D06_homeSlidersStepDef.nokia(D06_homeSlidersStepDef.java:21)
at ✽.nokia page open(file:///D:/FWD/demonopcommerce/src/main/resources/features/F06_homeSliders.feature:5)
]]>
            </full-stacktrace>
          </exception> <!-- java.lang.AssertionError -->
          <reporter-output>
          </reporter-output>
        </test-method> <!-- runScenario -->
        <test-method status="PASS" signature="runScenario(io.cucumber.testng.PickleWrapper,io.cucumber.testng.FeatureWrapper)[pri:0, instance:org.example.testRunner.Runners@44c8afef]" name="runScenario" duration-ms="12099" started-at="2022-09-21T02:35:53 EET" description="Runs Cucumber Scenarios" data-provider="scenarios" finished-at="2022-09-21T02:36:05 EET">
          <params>
            <param index="0">
              <value>
                <![CDATA["user navigates to facebook"]]>
              </value>
            </param>
            <param index="1">
              <value>
                <![CDATA["user able to navigate social media pages of nopcommerce"]]>
              </value>
            </param>
          </params>
          <reporter-output>
          </reporter-output>
        </test-method> <!-- runScenario -->
        <test-method status="PASS" signature="runScenario(io.cucumber.testng.PickleWrapper,io.cucumber.testng.FeatureWrapper)[pri:0, instance:org.example.testRunner.Runners@44c8afef]" name="runScenario" duration-ms="11732" started-at="2022-09-21T02:36:05 EET" description="Runs Cucumber Scenarios" data-provider="scenarios" finished-at="2022-09-21T02:36:16 EET">
          <params>
            <param index="0">
              <value>
                <![CDATA["user navigates to twitter"]]>
              </value>
            </param>
            <param index="1">
              <value>
                <![CDATA["user able to navigate social media pages of nopcommerce"]]>
              </value>
            </param>
          </params>
          <reporter-output>
          </reporter-output>
        </test-method> <!-- runScenario -->
        <test-method status="FAIL" signature="runScenario(io.cucumber.testng.PickleWrapper,io.cucumber.testng.FeatureWrapper)[pri:0, instance:org.example.testRunner.Runners@44c8afef]" name="runScenario" duration-ms="11639" started-at="2022-09-21T02:36:16 EET" description="Runs Cucumber Scenarios" data-provider="scenarios" finished-at="2022-09-21T02:36:28 EET">
          <params>
            <param index="0">
              <value>
                <![CDATA["user navigates to rss"]]>
              </value>
            </param>
            <param index="1">
              <value>
                <![CDATA["user able to navigate social media pages of nopcommerce"]]>
              </value>
            </param>
          </params>
          <exception class="java.lang.IndexOutOfBoundsException">
            <message>
              <![CDATA[Index: 1, Size: 1]]>
            </message>
            <full-stacktrace>
              <![CDATA[java.lang.IndexOutOfBoundsException: Index: 1, Size: 1
at java.util.ArrayList.rangeCheck(ArrayList.java:659)
at java.util.ArrayList.get(ArrayList.java:435)
at org.example.stepDefs.D07_followUsStepDef.navigating_to_Tabs(D07_followUsStepDef.java:42)
at ✽.select "rss" tab(file:///D:/FWD/demonopcommerce/src/main/resources/features/F07_followUs.feature:13)
]]>
            </full-stacktrace>
          </exception> <!-- java.lang.IndexOutOfBoundsException -->
          <reporter-output>
          </reporter-output>
        </test-method> <!-- runScenario -->
        <test-method status="PASS" signature="runScenario(io.cucumber.testng.PickleWrapper,io.cucumber.testng.FeatureWrapper)[pri:0, instance:org.example.testRunner.Runners@44c8afef]" name="runScenario" duration-ms="14002" started-at="2022-09-21T02:36:28 EET" description="Runs Cucumber Scenarios" data-provider="scenarios" finished-at="2022-09-21T02:36:42 EET">
          <params>
            <param index="0">
              <value>
                <![CDATA["user navigates to youtube"]]>
              </value>
            </param>
            <param index="1">
              <value>
                <![CDATA["user able to navigate social media pages of nopcommerce"]]>
              </value>
            </param>
          </params>
          <reporter-output>
          </reporter-output>
        </test-method> <!-- runScenario -->
        <test-method status="PASS" signature="runScenario(io.cucumber.testng.PickleWrapper,io.cucumber.testng.FeatureWrapper)[pri:0, instance:org.example.testRunner.Runners@44c8afef]" name="runScenario" duration-ms="17146" started-at="2022-09-21T02:36:42 EET" description="Runs Cucumber Scenarios" data-provider="scenarios" finished-at="2022-09-21T02:36:59 EET">
          <params>
            <param index="0">
              <value>
                <![CDATA["validation message displayed after adding product to user's wishlist"]]>
              </value>
            </param>
            <param index="1">
              <value>
                <![CDATA["user able to add products to his wishlist"]]>
              </value>
            </param>
          </params>
          <reporter-output>
          </reporter-output>
        </test-method> <!-- runScenario -->
        <test-method status="PASS" signature="tearDownClass()[pri:0, instance:org.example.testRunner.Runners@44c8afef]" name="tearDownClass" is-config="true" duration-ms="318" started-at="2022-09-21T02:36:59 EET" finished-at="2022-09-21T02:37:00 EET">
          <reporter-output>
          </reporter-output>
        </test-method> <!-- tearDownClass -->
      </class> <!-- org.example.testRunner.Runners -->
    </test> <!-- Surefire test -->
  </suite> <!-- Surefire suite -->
</testng-results>
